<?xml version="1.0" encoding="UTF-8"?>
<testsuite xmlns:xsi="http://www.w3.org/2001/XMLSchema-instance" xsi:noNamespaceSchemaLocation="https://maven.apache.org/surefire/maven-surefire-plugin/xsd/surefire-test-report-3.0.xsd" version="3.0" name="edu.anon.cs.ipr.instrument.FooTest" time="0.092" tests="2" errors="0" skipped="1" failures="0">
  <properties>
    <property name="java.specification.version" value="17"/>
    <property name="sun.jnu.encoding" value="UTF-8"/>
    <property name="java.class.path" value="/Users/ruixinwang/Documents/Projects/ipr/GitHub_Repo/iFix/iFix-extension/runtime-comp/target/test-classes:/Users/ruixinwang/Documents/Projects/ipr/GitHub_Repo/iFix/iFix-extension/runtime-comp/target/classes:/Users/ruixinwang/.m2/repository/junit/junit/4.12/junit-4.12.jar:/Users/ruixinwang/.m2/repository/org/hamcrest/hamcrest-core/1.3/hamcrest-core-1.3.jar:/Users/ruixinwang/.m2/repository/javax/activation/activation/1.1.1/activation-1.1.1.jar:/Users/ruixinwang/.m2/repository/jgoodies/forms/1.0.5/forms-1.0.5.jar:/Users/ruixinwang/.m2/repository/com/jgoodies/looks/2.2.1/looks-2.2.1.jar:/Users/ruixinwang/.m2/repository/org/mod4j/com/ibm/icu/4.0.1/icu-4.0.1.jar:/Users/ruixinwang/.m2/repository/com/sun/woodstock/dependlibs/jhall/2.0/jhall-2.0.jar:/Users/ruixinwang/.m2/repository/eu/medsea/mimeutil/mime-util/2.1.3/mime-util-2.1.3.jar:/Users/ruixinwang/.m2/repository/org/slf4j/slf4j-api/1.5.6/slf4j-api-1.5.6.jar:/Users/ruixinwang/.m2/repository/org/slf4j/slf4j-log4j12/1.5.6/slf4j-log4j12-1.5.6.jar:/Users/ruixinwang/.m2/repository/com/l2fprod/common/7.3/common-7.3.jar:/Users/ruixinwang/.m2/repository/javax/xml/bind/jaxb-api/2.2.6/jaxb-api-2.2.6.jar:/Users/ruixinwang/.m2/repository/com/sun/xml/bind/jaxb-impl/2.2.4/jaxb-impl-2.2.4.jar:/Users/ruixinwang/.m2/repository/javax/xml/jsr173/1.0/jsr173-1.0.jar:/Users/ruixinwang/.m2/repository/com/jidesoft/jide-oss/3.6.9/jide-oss-3.6.9.jar:/Users/ruixinwang/.m2/repository/org/swinglabs/swing-layout/1.0.3/swing-layout-1.0.3.jar:/Users/ruixinwang/.m2/repository/org/swinglabs/swingx/1.6.1/swingx-1.6.1.jar:/Users/ruixinwang/.m2/repository/com/jhlabs/filters/2.0.235/filters-2.0.235.jar:/Users/ruixinwang/.m2/repository/org/swinglabs/swing-worker/1.1/swing-worker-1.1.jar:/Users/ruixinwang/Documents/Projects/ipr/GitHub_Repo/iFix/iFix-extension/runtime-comp/lib/org.eclipse.jdt.core_3.5.2.v_981_R35x.jar:/Users/ruixinwang/Documents/Projects/ipr/GitHub_Repo/iFix/iFix-extension/runtime-comp/lib/org.eclipse.core.runtime_3.5.0.v20090525.jar:/Users/ruixinwang/Documents/Projects/ipr/GitHub_Repo/iFix/iFix-extension/runtime-comp/lib/org.eclipse.equinox.common_3.5.1.R35x_v20090807-1100.jar:/Users/ruixinwang/Documents/Projects/ipr/GitHub_Repo/iFix/iFix-extension/runtime-comp/lib/org.eclipse.core.resources_3.5.2.R35x_v20091203-1235.jar:/Users/ruixinwang/Documents/Projects/ipr/GitHub_Repo/iFix/iFix-extension/runtime-comp/lib/org.eclipse.core.contenttype_3.4.1.R35x_v20090826-0451.jar:/Users/ruixinwang/Documents/Projects/ipr/GitHub_Repo/iFix/iFix-extension/runtime-comp/lib/org.eclipse.core.jobs_3.4.100.v20090429-1800.jar:/Users/ruixinwang/Documents/Projects/ipr/GitHub_Repo/iFix/iFix-extension/runtime-comp/lib/org.eclipse.equinox.preferences_3.2.301.R35x_v20091117.jar:/Users/ruixinwang/Documents/Projects/ipr/GitHub_Repo/iFix/iFix-extension/runtime-comp/lib/org.eclipse.osgi_3.5.2.R35x_v20100126.jar:/Users/ruixinwang/Documents/Projects/ipr/GitHub_Repo/iFix/iFix-extension/runtime-comp/lib/commons-lang3-3.3.2.jar:/Users/ruixinwang/.m2/repository/commons-io/commons-io/2.4/commons-io-2.4.jar:/Users/ruixinwang/.m2/repository/com/jcabi/jcabi-aether/0.10.1/jcabi-aether-0.10.1.jar:/Users/ruixinwang/.m2/repository/org/hibernate/hibernate-validator/5.1.2.Final/hibernate-validator-5.1.2.Final.jar:/Users/ruixinwang/.m2/repository/org/jboss/logging/jboss-logging/3.1.3.GA/jboss-logging-3.1.3.GA.jar:/Users/ruixinwang/.m2/repository/com/fasterxml/classmate/1.0.0/classmate-1.0.0.jar:/Users/ruixinwang/.m2/repository/com/jcabi/jcabi-aspects/0.18/jcabi-aspects-0.18.jar:/Users/ruixinwang/.m2/repository/com/jcabi/jcabi-log/0.14.3/jcabi-log-0.14.3.jar:/Users/ruixinwang/.m2/repository/org/aspectj/aspectjrt/1.8.2/aspectjrt-1.8.2.jar:/Users/ruixinwang/.m2/repository/javax/validation/validation-api/1.1.0.Final/validation-api-1.1.0.Final.jar:/Users/ruixinwang/.m2/repository/org/kuali/maven/wagons/maven-s3-wagon/1.1.20/maven-s3-wagon-1.1.20.jar:/Users/ruixinwang/.m2/repository/org/kuali/common/kuali-s3/1.0.1/kuali-s3-1.0.1.jar:/Users/ruixinwang/.m2/repository/com/amazonaws/aws-java-sdk/1.4.2/aws-java-sdk-1.4.2.jar:/Users/ruixinwang/.m2/repository/org/apache/httpcomponents/httpclient/4.1/httpclient-4.1.jar:/Users/ruixinwang/.m2/repository/org/apache/httpcomponents/httpcore/4.1/httpcore-4.1.jar:/Users/ruixinwang/.m2/repository/commons-codec/commons-codec/1.3/commons-codec-1.3.jar:/Users/ruixinwang/.m2/repository/org/codehaus/jackson/jackson-core-asl/1.8.9/jackson-core-asl-1.8.9.jar:/Users/ruixinwang/.m2/repository/org/codehaus/jackson/jackson-mapper-asl/1.8.9/jackson-mapper-asl-1.8.9.jar:/Users/ruixinwang/.m2/repository/org/springframework/spring-core/3.1.2.RELEASE/spring-core-3.1.2.RELEASE.jar:/Users/ruixinwang/.m2/repository/commons-lang/commons-lang/2.6/commons-lang-2.6.jar:/Users/ruixinwang/.m2/repository/org/kuali/common/kuali-threads/1.0.9/kuali-threads-1.0.9.jar:/Users/ruixinwang/.m2/repository/org/slf4j/jcl-over-slf4j/1.6.4/jcl-over-slf4j-1.6.4.jar:/Users/ruixinwang/.m2/repository/org/sonatype/aether/aether-api/1.13.1/aether-api-1.13.1.jar:/Users/ruixinwang/.m2/repository/org/sonatype/aether/aether-spi/1.13.1/aether-spi-1.13.1.jar:/Users/ruixinwang/.m2/repository/org/sonatype/aether/aether-util/1.13.1/aether-util-1.13.1.jar:/Users/ruixinwang/.m2/repository/org/sonatype/aether/aether-connector-file/1.13.1/aether-connector-file-1.13.1.jar:/Users/ruixinwang/.m2/repository/org/sonatype/aether/aether-connector-asynchttpclient/1.13.1/aether-connector-asynchttpclient-1.13.1.jar:/Users/ruixinwang/.m2/repository/com/ning/async-http-client/1.6.5/async-http-client-1.6.5.jar:/Users/ruixinwang/.m2/repository/org/jboss/netty/netty/3.2.5.Final/netty-3.2.5.Final.jar:/Users/ruixinwang/.m2/repository/org/sonatype/aether/aether-connector-wagon/1.13.1/aether-connector-wagon-1.13.1.jar:/Users/ruixinwang/.m2/repository/org/sonatype/aether/aether-impl/1.13.1/aether-impl-1.13.1.jar:/Users/ruixinwang/.m2/repository/org/apache/maven/maven-aether-provider/3.0.5/maven-aether-provider-3.0.5.jar:/Users/ruixinwang/.m2/repository/org/apache/maven/wagon/wagon-provider-api/2.4/wagon-provider-api-2.4.jar:/Users/ruixinwang/.m2/repository/org/apache/maven/maven-artifact/3.0.5/maven-artifact-3.0.5.jar:/Users/ruixinwang/.m2/repository/org/apache/maven/shared/maven-dependency-tree/2.1/maven-dependency-tree-2.1.jar:/Users/ruixinwang/.m2/repository/org/eclipse/aether/aether-util/0.9.0.M2/aether-util-0.9.0.M2.jar:/Users/ruixinwang/.m2/repository/org/apache/maven/maven-core/3.0.3/maven-core-3.0.3.jar:/Users/ruixinwang/.m2/repository/org/apache/maven/maven-model/3.0.3/maven-model-3.0.3.jar:/Users/ruixinwang/.m2/repository/org/apache/maven/maven-settings/3.0.3/maven-settings-3.0.3.jar:/Users/ruixinwang/.m2/repository/org/apache/maven/maven-settings-builder/3.0.3/maven-settings-builder-3.0.3.jar:/Users/ruixinwang/.m2/repository/org/apache/maven/maven-repository-metadata/3.0.3/maven-repository-metadata-3.0.3.jar:/Users/ruixinwang/.m2/repository/org/apache/maven/maven-plugin-api/3.0.3/maven-plugin-api-3.0.3.jar:/Users/ruixinwang/.m2/repository/org/apache/maven/maven-model-builder/3.0.3/maven-model-builder-3.0.3.jar:/Users/ruixinwang/.m2/repository/org/sonatype/sisu/sisu-inject-plexus/2.1.1/sisu-inject-plexus-2.1.1.jar:/Users/ruixinwang/.m2/repository/org/sonatype/sisu/sisu-inject-bean/2.1.1/sisu-inject-bean-2.1.1.jar:/Users/ruixinwang/.m2/repository/org/sonatype/sisu/sisu-guice/2.9.4/sisu-guice-2.9.4-no_aop.jar:/Users/ruixinwang/.m2/repository/org/codehaus/plexus/plexus-interpolation/1.14/plexus-interpolation-1.14.jar:/Users/ruixinwang/.m2/repository/org/codehaus/plexus/plexus-utils/2.0.6/plexus-utils-2.0.6.jar:/Users/ruixinwang/.m2/repository/org/codehaus/plexus/plexus-classworlds/2.4/plexus-classworlds-2.4.jar:/Users/ruixinwang/.m2/repository/org/codehaus/plexus/plexus-component-annotations/1.5.5/plexus-component-annotations-1.5.5.jar:/Users/ruixinwang/.m2/repository/org/sonatype/plexus/plexus-sec-dispatcher/1.3/plexus-sec-dispatcher-1.3.jar:/Users/ruixinwang/.m2/repository/org/sonatype/plexus/plexus-cipher/1.4/plexus-cipher-1.4.jar:/Users/ruixinwang/.m2/repository/com/google/code/gson/gson/2.5/gson-2.5.jar:/Users/ruixinwang/.m2/repository/com/thoughtworks/xstream/xstream/1.3.1/xstream-1.3.1.jar:/Users/ruixinwang/.m2/repository/xpp3/xpp3_min/1.1.4c/xpp3_min-1.1.4c.jar:/Users/ruixinwang/.m2/repository/log4j/log4j/1.2.17/log4j-1.2.17.jar:"/>
    <property name="java.vm.vendor" value="Homebrew"/>
    <property name="sun.arch.data.model" value="64"/>
    <property name="java.vendor.url" value="https://github.com/Homebrew/homebrew-core/issues"/>
    <property name="os.name" value="Mac OS X"/>
    <property name="java.vm.specification.version" value="17"/>
    <property name="sun.java.launcher" value="SUN_STANDARD"/>
    <property name="user.country" value="US"/>
    <property name="sun.boot.library.path" value="/opt/homebrew/Cellar/openjdk@17/17.0.9/libexec/openjdk.jdk/Contents/Home/lib"/>
    <property name="sun.java.command" value="/Users/ruixinwang/Documents/Projects/ipr/GitHub_Repo/iFix/iFix-extension/runtime-comp/target/surefire/surefirebooter-20241225205820772_3.jar /Users/ruixinwang/Documents/Projects/ipr/GitHub_Repo/iFix/iFix-extension/runtime-comp/target/surefire 2024-12-25T20-58-20_679-jvmRun1 surefire-20241225205820772_1tmp surefire_0-20241225205820772_2tmp"/>
    <property name="jdk.debug" value="release"/>
    <property name="surefire.test.class.path" value="/Users/ruixinwang/Documents/Projects/ipr/GitHub_Repo/iFix/iFix-extension/runtime-comp/target/test-classes:/Users/ruixinwang/Documents/Projects/ipr/GitHub_Repo/iFix/iFix-extension/runtime-comp/target/classes:/Users/ruixinwang/.m2/repository/junit/junit/4.12/junit-4.12.jar:/Users/ruixinwang/.m2/repository/org/hamcrest/hamcrest-core/1.3/hamcrest-core-1.3.jar:/Users/ruixinwang/.m2/repository/javax/activation/activation/1.1.1/activation-1.1.1.jar:/Users/ruixinwang/.m2/repository/jgoodies/forms/1.0.5/forms-1.0.5.jar:/Users/ruixinwang/.m2/repository/com/jgoodies/looks/2.2.1/looks-2.2.1.jar:/Users/ruixinwang/.m2/repository/org/mod4j/com/ibm/icu/4.0.1/icu-4.0.1.jar:/Users/ruixinwang/.m2/repository/com/sun/woodstock/dependlibs/jhall/2.0/jhall-2.0.jar:/Users/ruixinwang/.m2/repository/eu/medsea/mimeutil/mime-util/2.1.3/mime-util-2.1.3.jar:/Users/ruixinwang/.m2/repository/org/slf4j/slf4j-api/1.5.6/slf4j-api-1.5.6.jar:/Users/ruixinwang/.m2/repository/org/slf4j/slf4j-log4j12/1.5.6/slf4j-log4j12-1.5.6.jar:/Users/ruixinwang/.m2/repository/com/l2fprod/common/7.3/common-7.3.jar:/Users/ruixinwang/.m2/repository/javax/xml/bind/jaxb-api/2.2.6/jaxb-api-2.2.6.jar:/Users/ruixinwang/.m2/repository/com/sun/xml/bind/jaxb-impl/2.2.4/jaxb-impl-2.2.4.jar:/Users/ruixinwang/.m2/repository/javax/xml/jsr173/1.0/jsr173-1.0.jar:/Users/ruixinwang/.m2/repository/com/jidesoft/jide-oss/3.6.9/jide-oss-3.6.9.jar:/Users/ruixinwang/.m2/repository/org/swinglabs/swing-layout/1.0.3/swing-layout-1.0.3.jar:/Users/ruixinwang/.m2/repository/org/swinglabs/swingx/1.6.1/swingx-1.6.1.jar:/Users/ruixinwang/.m2/repository/com/jhlabs/filters/2.0.235/filters-2.0.235.jar:/Users/ruixinwang/.m2/repository/org/swinglabs/swing-worker/1.1/swing-worker-1.1.jar:/Users/ruixinwang/Documents/Projects/ipr/GitHub_Repo/iFix/iFix-extension/runtime-comp/lib/org.eclipse.jdt.core_3.5.2.v_981_R35x.jar:/Users/ruixinwang/Documents/Projects/ipr/GitHub_Repo/iFix/iFix-extension/runtime-comp/lib/org.eclipse.core.runtime_3.5.0.v20090525.jar:/Users/ruixinwang/Documents/Projects/ipr/GitHub_Repo/iFix/iFix-extension/runtime-comp/lib/org.eclipse.equinox.common_3.5.1.R35x_v20090807-1100.jar:/Users/ruixinwang/Documents/Projects/ipr/GitHub_Repo/iFix/iFix-extension/runtime-comp/lib/org.eclipse.core.resources_3.5.2.R35x_v20091203-1235.jar:/Users/ruixinwang/Documents/Projects/ipr/GitHub_Repo/iFix/iFix-extension/runtime-comp/lib/org.eclipse.core.contenttype_3.4.1.R35x_v20090826-0451.jar:/Users/ruixinwang/Documents/Projects/ipr/GitHub_Repo/iFix/iFix-extension/runtime-comp/lib/org.eclipse.core.jobs_3.4.100.v20090429-1800.jar:/Users/ruixinwang/Documents/Projects/ipr/GitHub_Repo/iFix/iFix-extension/runtime-comp/lib/org.eclipse.equinox.preferences_3.2.301.R35x_v20091117.jar:/Users/ruixinwang/Documents/Projects/ipr/GitHub_Repo/iFix/iFix-extension/runtime-comp/lib/org.eclipse.osgi_3.5.2.R35x_v20100126.jar:/Users/ruixinwang/Documents/Projects/ipr/GitHub_Repo/iFix/iFix-extension/runtime-comp/lib/commons-lang3-3.3.2.jar:/Users/ruixinwang/.m2/repository/commons-io/commons-io/2.4/commons-io-2.4.jar:/Users/ruixinwang/.m2/repository/com/jcabi/jcabi-aether/0.10.1/jcabi-aether-0.10.1.jar:/Users/ruixinwang/.m2/repository/org/hibernate/hibernate-validator/5.1.2.Final/hibernate-validator-5.1.2.Final.jar:/Users/ruixinwang/.m2/repository/org/jboss/logging/jboss-logging/3.1.3.GA/jboss-logging-3.1.3.GA.jar:/Users/ruixinwang/.m2/repository/com/fasterxml/classmate/1.0.0/classmate-1.0.0.jar:/Users/ruixinwang/.m2/repository/com/jcabi/jcabi-aspects/0.18/jcabi-aspects-0.18.jar:/Users/ruixinwang/.m2/repository/com/jcabi/jcabi-log/0.14.3/jcabi-log-0.14.3.jar:/Users/ruixinwang/.m2/repository/org/aspectj/aspectjrt/1.8.2/aspectjrt-1.8.2.jar:/Users/ruixinwang/.m2/repository/javax/validation/validation-api/1.1.0.Final/validation-api-1.1.0.Final.jar:/Users/ruixinwang/.m2/repository/org/kuali/maven/wagons/maven-s3-wagon/1.1.20/maven-s3-wagon-1.1.20.jar:/Users/ruixinwang/.m2/repository/org/kuali/common/kuali-s3/1.0.1/kuali-s3-1.0.1.jar:/Users/ruixinwang/.m2/repository/com/amazonaws/aws-java-sdk/1.4.2/aws-java-sdk-1.4.2.jar:/Users/ruixinwang/.m2/repository/org/apache/httpcomponents/httpclient/4.1/httpclient-4.1.jar:/Users/ruixinwang/.m2/repository/org/apache/httpcomponents/httpcore/4.1/httpcore-4.1.jar:/Users/ruixinwang/.m2/repository/commons-codec/commons-codec/1.3/commons-codec-1.3.jar:/Users/ruixinwang/.m2/repository/org/codehaus/jackson/jackson-core-asl/1.8.9/jackson-core-asl-1.8.9.jar:/Users/ruixinwang/.m2/repository/org/codehaus/jackson/jackson-mapper-asl/1.8.9/jackson-mapper-asl-1.8.9.jar:/Users/ruixinwang/.m2/repository/org/springframework/spring-core/3.1.2.RELEASE/spring-core-3.1.2.RELEASE.jar:/Users/ruixinwang/.m2/repository/commons-lang/commons-lang/2.6/commons-lang-2.6.jar:/Users/ruixinwang/.m2/repository/org/kuali/common/kuali-threads/1.0.9/kuali-threads-1.0.9.jar:/Users/ruixinwang/.m2/repository/org/slf4j/jcl-over-slf4j/1.6.4/jcl-over-slf4j-1.6.4.jar:/Users/ruixinwang/.m2/repository/org/sonatype/aether/aether-api/1.13.1/aether-api-1.13.1.jar:/Users/ruixinwang/.m2/repository/org/sonatype/aether/aether-spi/1.13.1/aether-spi-1.13.1.jar:/Users/ruixinwang/.m2/repository/org/sonatype/aether/aether-util/1.13.1/aether-util-1.13.1.jar:/Users/ruixinwang/.m2/repository/org/sonatype/aether/aether-connector-file/1.13.1/aether-connector-file-1.13.1.jar:/Users/ruixinwang/.m2/repository/org/sonatype/aether/aether-connector-asynchttpclient/1.13.1/aether-connector-asynchttpclient-1.13.1.jar:/Users/ruixinwang/.m2/repository/com/ning/async-http-client/1.6.5/async-http-client-1.6.5.jar:/Users/ruixinwang/.m2/repository/org/jboss/netty/netty/3.2.5.Final/netty-3.2.5.Final.jar:/Users/ruixinwang/.m2/repository/org/sonatype/aether/aether-connector-wagon/1.13.1/aether-connector-wagon-1.13.1.jar:/Users/ruixinwang/.m2/repository/org/sonatype/aether/aether-impl/1.13.1/aether-impl-1.13.1.jar:/Users/ruixinwang/.m2/repository/org/apache/maven/maven-aether-provider/3.0.5/maven-aether-provider-3.0.5.jar:/Users/ruixinwang/.m2/repository/org/apache/maven/wagon/wagon-provider-api/2.4/wagon-provider-api-2.4.jar:/Users/ruixinwang/.m2/repository/org/apache/maven/maven-artifact/3.0.5/maven-artifact-3.0.5.jar:/Users/ruixinwang/.m2/repository/org/apache/maven/shared/maven-dependency-tree/2.1/maven-dependency-tree-2.1.jar:/Users/ruixinwang/.m2/repository/org/eclipse/aether/aether-util/0.9.0.M2/aether-util-0.9.0.M2.jar:/Users/ruixinwang/.m2/repository/org/apache/maven/maven-core/3.0.3/maven-core-3.0.3.jar:/Users/ruixinwang/.m2/repository/org/apache/maven/maven-model/3.0.3/maven-model-3.0.3.jar:/Users/ruixinwang/.m2/repository/org/apache/maven/maven-settings/3.0.3/maven-settings-3.0.3.jar:/Users/ruixinwang/.m2/repository/org/apache/maven/maven-settings-builder/3.0.3/maven-settings-builder-3.0.3.jar:/Users/ruixinwang/.m2/repository/org/apache/maven/maven-repository-metadata/3.0.3/maven-repository-metadata-3.0.3.jar:/Users/ruixinwang/.m2/repository/org/apache/maven/maven-plugin-api/3.0.3/maven-plugin-api-3.0.3.jar:/Users/ruixinwang/.m2/repository/org/apache/maven/maven-model-builder/3.0.3/maven-model-builder-3.0.3.jar:/Users/ruixinwang/.m2/repository/org/sonatype/sisu/sisu-inject-plexus/2.1.1/sisu-inject-plexus-2.1.1.jar:/Users/ruixinwang/.m2/repository/org/sonatype/sisu/sisu-inject-bean/2.1.1/sisu-inject-bean-2.1.1.jar:/Users/ruixinwang/.m2/repository/org/sonatype/sisu/sisu-guice/2.9.4/sisu-guice-2.9.4-no_aop.jar:/Users/ruixinwang/.m2/repository/org/codehaus/plexus/plexus-interpolation/1.14/plexus-interpolation-1.14.jar:/Users/ruixinwang/.m2/repository/org/codehaus/plexus/plexus-utils/2.0.6/plexus-utils-2.0.6.jar:/Users/ruixinwang/.m2/repository/org/codehaus/plexus/plexus-classworlds/2.4/plexus-classworlds-2.4.jar:/Users/ruixinwang/.m2/repository/org/codehaus/plexus/plexus-component-annotations/1.5.5/plexus-component-annotations-1.5.5.jar:/Users/ruixinwang/.m2/repository/org/sonatype/plexus/plexus-sec-dispatcher/1.3/plexus-sec-dispatcher-1.3.jar:/Users/ruixinwang/.m2/repository/org/sonatype/plexus/plexus-cipher/1.4/plexus-cipher-1.4.jar:/Users/ruixinwang/.m2/repository/com/google/code/gson/gson/2.5/gson-2.5.jar:/Users/ruixinwang/.m2/repository/com/thoughtworks/xstream/xstream/1.3.1/xstream-1.3.1.jar:/Users/ruixinwang/.m2/repository/xpp3/xpp3_min/1.1.4c/xpp3_min-1.1.4c.jar:/Users/ruixinwang/.m2/repository/log4j/log4j/1.2.17/log4j-1.2.17.jar:"/>
    <property name="sun.cpu.endian" value="little"/>
    <property name="user.home" value="/Users/ruixinwang"/>
    <property name="user.language" value="en"/>
    <property name="java.specification.vendor" value="Oracle Corporation"/>
    <property name="java.version.date" value="2023-10-17"/>
    <property name="java.home" value="/opt/homebrew/Cellar/openjdk@17/17.0.9/libexec/openjdk.jdk/Contents/Home"/>
    <property name="file.separator" value="/"/>
    <property name="basedir" value="/Users/ruixinwang/Documents/Projects/ipr/GitHub_Repo/iFix/iFix-extension/runtime-comp"/>
    <property name="java.vm.compressedOopsMode" value="Zero based"/>
    <property name="line.separator" value="&#10;"/>
    <property name="java.vm.specification.vendor" value="Oracle Corporation"/>
    <property name="java.specification.name" value="Java Platform API Specification"/>
    <property name="surefire.real.class.path" value="/Users/ruixinwang/Documents/Projects/ipr/GitHub_Repo/iFix/iFix-extension/runtime-comp/target/surefire/surefirebooter-20241225205820772_3.jar"/>
    <property name="sun.management.compiler" value="HotSpot 64-Bit Tiered Compilers"/>
    <property name="java.runtime.version" value="17.0.9+0"/>
    <property name="user.name" value="ruixinwang"/>
    <property name="path.separator" value=":"/>
    <property name="os.version" value="14.0"/>
    <property name="java.runtime.name" value="OpenJDK Runtime Environment"/>
    <property name="file.encoding" value="UTF-8"/>
    <property name="java.vm.name" value="OpenJDK 64-Bit Server VM"/>
    <property name="java.vendor.version" value="Homebrew"/>
    <property name="localRepository" value="/Users/ruixinwang/.m2/repository"/>
    <property name="java.vendor.url.bug" value="https://github.com/Homebrew/homebrew-core/issues"/>
    <property name="java.io.tmpdir" value="/var/folders/zq/vjjsl6fn2sx3fv14d05zpqx40000gn/T/"/>
    <property name="java.version" value="17.0.9"/>
    <property name="user.dir" value="/Users/ruixinwang/Documents/Projects/ipr/GitHub_Repo/iFix/iFix-extension/runtime-comp"/>
    <property name="os.arch" value="aarch64"/>
    <property name="java.vm.specification.name" value="Java Virtual Machine Specification"/>
    <property name="native.encoding" value="UTF-8"/>
    <property name="java.library.path" value="/Users/ruixinwang/Library/Java/Extensions:/Library/Java/Extensions:/Network/Library/Java/Extensions:/System/Library/Java/Extensions:/usr/lib/java:."/>
    <property name="java.vm.info" value="mixed mode, sharing"/>
    <property name="java.vendor" value="Homebrew"/>
    <property name="java.vm.version" value="17.0.9+0"/>
    <property name="sun.io.unicode.encoding" value="UnicodeBig"/>
    <property name="java.class.version" value="61.0"/>
  </properties>
  <testcase name="test1" classname="edu.anon.cs.ipr.instrument.FooTest" time="0.0">
    <skipped/>
  </testcase>
  <testcase name="test2" classname="edu.anon.cs.ipr.instrument.FooTest" time="0.009">
    <system-out><![CDATA[[Grafter]
hello
]]></system-out>
  </testcase>
</testsuite>